<?xml version="1.0" encoding="UTF-8"?>
<testng-results ignored="0" total="2" passed="2" failed="0" skipped="0">
  <reporter-output>
  </reporter-output>
  <suite started-at="2025-11-02T11:34:24 IST" name="Suite" finished-at="2025-11-02T11:34:38 IST" duration-ms="14328">
    <groups>
      <group name="Master">
        <method signature="AccountRegistrationTest.verify_acc_reg()[pri:0, instance:testCases.AccountRegistrationTest@67c27493]" name="verify_acc_reg" class="testCases.AccountRegistrationTest"/>
        <method signature="LoginTest.loginTest()[pri:0, instance:testCases.LoginTest@9597028]" name="loginTest" class="testCases.LoginTest"/>
      </group> <!-- Master -->
      <group name="Sanity">
        <method signature="LoginTest.loginTest()[pri:0, instance:testCases.LoginTest@9597028]" name="loginTest" class="testCases.LoginTest"/>
      </group> <!-- Sanity -->
      <group name="Regression">
        <method signature="AccountRegistrationTest.verify_acc_reg()[pri:0, instance:testCases.AccountRegistrationTest@67c27493]" name="verify_acc_reg" class="testCases.AccountRegistrationTest"/>
      </group> <!-- Regression -->
    </groups>
    <test started-at="2025-11-02T11:34:24 IST" name="edgefoxTest" finished-at="2025-11-02T11:34:38 IST" duration-ms="14328">
      <class name="testCases.LoginTest">
        <test-method is-config="true" signature="setup(java.lang.String,java.lang.String)[pri:0, instance:testCases.LoginTest@9597028]" started-at="2025-11-02T11:34:24 IST" name="setup" finished-at="2025-11-02T11:34:29 IST" duration-ms="5211" status="PASS">
          <params>
            <param index="0">
              <value>
                <![CDATA[windows]]>
              </value>
            </param>
            <param index="1">
              <value>
                <![CDATA[chrome]]>
              </value>
            </param>
          </params>
          <reporter-output>
          </reporter-output>
        </test-method> <!-- setup -->
        <test-method signature="loginTest()[pri:0, instance:testCases.LoginTest@9597028]" started-at="2025-11-02T11:34:30 IST" name="loginTest" finished-at="2025-11-02T11:34:32 IST" duration-ms="1816" status="PASS">
          <reporter-output>
          </reporter-output>
        </test-method> <!-- loginTest -->
        <test-method is-config="true" signature="tearDown()[pri:0, instance:testCases.LoginTest@9597028]" started-at="2025-11-02T11:34:32 IST" name="tearDown" finished-at="2025-11-02T11:34:32 IST" duration-ms="319" status="PASS">
          <reporter-output>
          </reporter-output>
        </test-method> <!-- tearDown -->
      </class> <!-- testCases.LoginTest -->
      <class name="testCases.AccountRegistrationTest">
        <test-method is-config="true" signature="setup(java.lang.String,java.lang.String)[pri:0, instance:testCases.AccountRegistrationTest@67c27493]" started-at="2025-11-02T11:34:32 IST" name="setup" finished-at="2025-11-02T11:34:34 IST" duration-ms="1792" status="PASS">
          <params>
            <param index="0">
              <value>
                <![CDATA[windows]]>
              </value>
            </param>
            <param index="1">
              <value>
                <![CDATA[chrome]]>
              </value>
            </param>
          </params>
          <reporter-output>
          </reporter-output>
        </test-method> <!-- setup -->
        <test-method signature="verify_acc_reg()[pri:0, instance:testCases.AccountRegistrationTest@67c27493]" started-at="2025-11-02T11:34:34 IST" name="verify_acc_reg" finished-at="2025-11-02T11:34:38 IST" duration-ms="4210" status="PASS">
          <reporter-output>
          </reporter-output>
        </test-method> <!-- verify_acc_reg -->
        <test-method is-config="true" signature="tearDown()[pri:0, instance:testCases.AccountRegistrationTest@67c27493]" started-at="2025-11-02T11:34:38 IST" name="tearDown" finished-at="2025-11-02T11:34:38 IST" duration-ms="255" status="PASS">
          <reporter-output>
          </reporter-output>
        </test-method> <!-- tearDown -->
      </class> <!-- testCases.AccountRegistrationTest -->
    </test> <!-- edgefoxTest -->
  </suite> <!-- Suite -->
</testng-results>
