<?xml version="1.0" encoding="UTF-8"?>
<testng-results ignored="0" total="2" passed="2" failed="0" skipped="0">
  <reporter-output>
  </reporter-output>
  <suite started-at="2025-10-31T19:43:58 IST" name="Suite" finished-at="2025-10-31T19:44:35 IST" duration-ms="36807">
    <groups>
      <group name="Master">
        <method signature="AccountRegistrationTest.verify_acc_reg()[pri:0, instance:testCases.AccountRegistrationTest@7eac9008]" name="verify_acc_reg" class="testCases.AccountRegistrationTest"/>
        <method signature="LoginTest.loginTest()[pri:0, instance:testCases.LoginTest@6f03482]" name="loginTest" class="testCases.LoginTest"/>
      </group> <!-- Master -->
      <group name="Sanity">
        <method signature="LoginTest.loginTest()[pri:0, instance:testCases.LoginTest@6f03482]" name="loginTest" class="testCases.LoginTest"/>
      </group> <!-- Sanity -->
      <group name="Regression">
        <method signature="AccountRegistrationTest.verify_acc_reg()[pri:0, instance:testCases.AccountRegistrationTest@7eac9008]" name="verify_acc_reg" class="testCases.AccountRegistrationTest"/>
      </group> <!-- Regression -->
    </groups>
    <test started-at="2025-10-31T19:43:58 IST" name="edgefoxTest" finished-at="2025-10-31T19:44:35 IST" duration-ms="36807">
      <class name="testCases.LoginTest">
        <test-method is-config="true" signature="setup(java.lang.String,java.lang.String)[pri:0, instance:testCases.LoginTest@6f03482]" started-at="2025-10-31T19:43:58 IST" name="setup" finished-at="2025-10-31T19:44:20 IST" duration-ms="21661" status="PASS">
          <params>
            <param index="0">
              <value>
                <![CDATA[linux]]>
              </value>
            </param>
            <param index="1">
              <value>
                <![CDATA[edge]]>
              </value>
            </param>
          </params>
          <reporter-output>
          </reporter-output>
        </test-method> <!-- setup -->
        <test-method signature="loginTest()[pri:0, instance:testCases.LoginTest@6f03482]" started-at="2025-10-31T19:44:20 IST" name="loginTest" finished-at="2025-10-31T19:44:23 IST" duration-ms="3428" status="PASS">
          <reporter-output>
          </reporter-output>
        </test-method> <!-- loginTest -->
        <test-method is-config="true" signature="tearDown()[pri:0, instance:testCases.LoginTest@6f03482]" started-at="2025-10-31T19:44:23 IST" name="tearDown" finished-at="2025-10-31T19:44:23 IST" duration-ms="160" status="PASS">
          <reporter-output>
          </reporter-output>
        </test-method> <!-- tearDown -->
      </class> <!-- testCases.LoginTest -->
      <class name="testCases.AccountRegistrationTest">
        <test-method is-config="true" signature="setup(java.lang.String,java.lang.String)[pri:0, instance:testCases.AccountRegistrationTest@7eac9008]" started-at="2025-10-31T19:44:23 IST" name="setup" finished-at="2025-10-31T19:44:26 IST" duration-ms="2225" status="PASS">
          <params>
            <param index="0">
              <value>
                <![CDATA[linux]]>
              </value>
            </param>
            <param index="1">
              <value>
                <![CDATA[edge]]>
              </value>
            </param>
          </params>
          <reporter-output>
          </reporter-output>
        </test-method> <!-- setup -->
        <test-method signature="verify_acc_reg()[pri:0, instance:testCases.AccountRegistrationTest@7eac9008]" started-at="2025-10-31T19:44:26 IST" name="verify_acc_reg" finished-at="2025-10-31T19:44:34 IST" duration-ms="8739" status="PASS">
          <reporter-output>
          </reporter-output>
        </test-method> <!-- verify_acc_reg -->
        <test-method is-config="true" signature="tearDown()[pri:0, instance:testCases.AccountRegistrationTest@7eac9008]" started-at="2025-10-31T19:44:34 IST" name="tearDown" finished-at="2025-10-31T19:44:35 IST" duration-ms="150" status="PASS">
          <reporter-output>
          </reporter-output>
        </test-method> <!-- tearDown -->
      </class> <!-- testCases.AccountRegistrationTest -->
    </test> <!-- edgefoxTest -->
  </suite> <!-- Suite -->
</testng-results>
